{"uid":"2560d492a2252a82","name":"testUpdateUserNotUserId","fullName":"ru.korobovs.tests.CRUDUsersTest.testUpdateUserNotUserId","historyId":"d9fcb9f1ba5e1d25be072623f712382d","time":{"start":1742231705304,"stop":1742231705518,"duration":214},"description":"Обновление поля job с несуществующим userId","descriptionHtml":"<p>Обновление поля job с несуществующим userId</p>\n","status":"failed","statusMessage":"expected [400] but found [200]","statusTrace":"java.lang.AssertionError: expected [400] but found [200]\n\tat org.testng.Assert.fail(Assert.java:111)\n\tat org.testng.Assert.failNotEquals(Assert.java:1578)\n\tat org.testng.Assert.assertEqualsImpl(Assert.java:150)\n\tat org.testng.Assert.assertEquals(Assert.java:132)\n\tat org.testng.Assert.assertEquals(Assert.java:1419)\n\tat org.testng.Assert.assertEquals(Assert.java:1383)\n\tat org.testng.Assert.assertEquals(Assert.java:1429)\n\tat ru.korobovs.tests.CRUDUsersTest.testUpdateUserNotUserId(CRUDUsersTest.java:80)\n\tat java.base/jdk.internal.reflect.NativeMethodAccessorImpl.invoke0(Native Method)\n\tat java.base/jdk.internal.reflect.NativeMethodAccessorImpl.invoke(NativeMethodAccessorImpl.java:77)\n\tat java.base/jdk.internal.reflect.DelegatingMethodAccessorImpl.invoke(DelegatingMethodAccessorImpl.java:43)\n\tat java.base/java.lang.reflect.Method.invoke(Method.java:569)\n\tat org.testng.internal.invokers.MethodInvocationHelper.invokeMethod(MethodInvocationHelper.java:141)\n\tat org.testng.internal.invokers.TestInvoker.invokeMethod(TestInvoker.java:686)\n\tat org.testng.internal.invokers.TestInvoker.invokeTestMethod(TestInvoker.java:230)\n\tat org.testng.internal.invokers.MethodRunner.runInSequence(MethodRunner.java:63)\n\tat org.testng.internal.invokers.TestInvoker$MethodInvocationAgent.invoke(TestInvoker.java:992)\n\tat org.testng.internal.invokers.TestInvoker.invokeTestMethods(TestInvoker.java:203)\n\tat org.testng.internal.invokers.TestMethodWorker.invokeTestMethods(TestMethodWorker.java:154)\n\tat org.testng.internal.invokers.TestMethodWorker.run(TestMethodWorker.java:134)\n\tat java.base/java.util.ArrayList.forEach(ArrayList.java:1511)\n\tat org.testng.TestRunner.privateRun(TestRunner.java:739)\n\tat org.testng.TestRunner.run(TestRunner.java:614)\n\tat org.testng.SuiteRunner.runTest(SuiteRunner.java:421)\n\tat org.testng.SuiteRunner$SuiteWorker.run(SuiteRunner.java:463)\n\tat org.testng.internal.thread.ThreadUtil.lambda$execute$0(ThreadUtil.java:64)\n\tat java.base/java.util.concurrent.FutureTask.run(FutureTask.java:264)\n\tat java.base/java.util.concurrent.ThreadPoolExecutor.runWorker(ThreadPoolExecutor.java:1136)\n\tat java.base/java.util.concurrent.ThreadPoolExecutor$Worker.run(ThreadPoolExecutor.java:635)\n\tat java.base/java.lang.Thread.run(Thread.java:840)\n","flaky":false,"newFailed":false,"newBroken":false,"newPassed":false,"retriesCount":0,"retriesStatusChange":false,"beforeStages":[{"name":"setUp","time":{"start":1742231705301,"stop":1742231705302,"duration":1},"description":"","status":"passed","steps":[],"attachments":[],"parameters":[],"shouldDisplayMessage":false,"stepsCount":0,"attachmentsCount":0,"hasContent":false,"attachmentStep":false}],"testStage":{"description":"Обновление поля job с несуществующим userId","status":"failed","statusMessage":"expected [400] but found [200]","statusTrace":"java.lang.AssertionError: expected [400] but found [200]\n\tat org.testng.Assert.fail(Assert.java:111)\n\tat org.testng.Assert.failNotEquals(Assert.java:1578)\n\tat org.testng.Assert.assertEqualsImpl(Assert.java:150)\n\tat org.testng.Assert.assertEquals(Assert.java:132)\n\tat org.testng.Assert.assertEquals(Assert.java:1419)\n\tat org.testng.Assert.assertEquals(Assert.java:1383)\n\tat org.testng.Assert.assertEquals(Assert.java:1429)\n\tat ru.korobovs.tests.CRUDUsersTest.testUpdateUserNotUserId(CRUDUsersTest.java:80)\n\tat java.base/jdk.internal.reflect.NativeMethodAccessorImpl.invoke0(Native Method)\n\tat java.base/jdk.internal.reflect.NativeMethodAccessorImpl.invoke(NativeMethodAccessorImpl.java:77)\n\tat java.base/jdk.internal.reflect.DelegatingMethodAccessorImpl.invoke(DelegatingMethodAccessorImpl.java:43)\n\tat java.base/java.lang.reflect.Method.invoke(Method.java:569)\n\tat org.testng.internal.invokers.MethodInvocationHelper.invokeMethod(MethodInvocationHelper.java:141)\n\tat org.testng.internal.invokers.TestInvoker.invokeMethod(TestInvoker.java:686)\n\tat org.testng.internal.invokers.TestInvoker.invokeTestMethod(TestInvoker.java:230)\n\tat org.testng.internal.invokers.MethodRunner.runInSequence(MethodRunner.java:63)\n\tat org.testng.internal.invokers.TestInvoker$MethodInvocationAgent.invoke(TestInvoker.java:992)\n\tat org.testng.internal.invokers.TestInvoker.invokeTestMethods(TestInvoker.java:203)\n\tat org.testng.internal.invokers.TestMethodWorker.invokeTestMethods(TestMethodWorker.java:154)\n\tat org.testng.internal.invokers.TestMethodWorker.run(TestMethodWorker.java:134)\n\tat java.base/java.util.ArrayList.forEach(ArrayList.java:1511)\n\tat org.testng.TestRunner.privateRun(TestRunner.java:739)\n\tat org.testng.TestRunner.run(TestRunner.java:614)\n\tat org.testng.SuiteRunner.runTest(SuiteRunner.java:421)\n\tat org.testng.SuiteRunner$SuiteWorker.run(SuiteRunner.java:463)\n\tat org.testng.internal.thread.ThreadUtil.lambda$execute$0(ThreadUtil.java:64)\n\tat java.base/java.util.concurrent.FutureTask.run(FutureTask.java:264)\n\tat java.base/java.util.concurrent.ThreadPoolExecutor.runWorker(ThreadPoolExecutor.java:1136)\n\tat java.base/java.util.concurrent.ThreadPoolExecutor$Worker.run(ThreadPoolExecutor.java:635)\n\tat java.base/java.lang.Thread.run(Thread.java:840)\n","steps":[{"name":"Update user with id: 200, name: morpheus and job: zion resident","time":{"start":1742231705305,"stop":1742231705509,"duration":204},"status":"passed","steps":[],"attachments":[{"uid":"ee3e51ece68db29f","name":"Request","source":"ee3e51ece68db29f.html","type":"text/html","size":594},{"uid":"e870b612f01eed9d","name":"HTTP/1.1 200 OK","source":"e870b612f01eed9d.html","type":"text/html","size":1921}],"parameters":[{"name":"userId","value":"200"},{"name":"name","value":"morpheus"},{"name":"job","value":"zion resident"}],"shouldDisplayMessage":false,"stepsCount":0,"attachmentsCount":2,"hasContent":true,"attachmentStep":false}],"attachments":[],"parameters":[],"shouldDisplayMessage":true,"stepsCount":1,"attachmentsCount":2,"hasContent":true,"attachmentStep":false},"afterStages":[],"labels":[{"name":"package","value":"ru.korobovs.tests.CRUDUsersTest"},{"name":"testClass","value":"ru.korobovs.tests.CRUDUsersTest"},{"name":"testMethod","value":"testUpdateUserNotUserId"},{"name":"parentSuite","value":"All test"},{"name":"suite","value":"Tests with xml"},{"name":"subSuite","value":"ru.korobovs.tests.CRUDUsersTest"},{"name":"host","value":"fv-az807-929"},{"name":"thread","value":"2444@fv-az807-929.TestNG-tests-1(22)"},{"name":"framework","value":"testng"},{"name":"language","value":"java"},{"name":"owner","value":"SergeyK"},{"name":"tag","value":"Негативный"},{"name":"story","value":"Update user"},{"name":"feature","value":"CRUD user"},{"name":"epic","value":"Reqres API Tests"},{"name":"severity","value":"normal"},{"name":"resultFormat","value":"allure2"}],"parameters":[],"links":[{"name":"REQRES","url":"https://reqres.in/","type":"custom"}],"hidden":false,"retry":false,"extra":{"severity":"normal","owner":"SergeyK","retries":[],"categories":[{"name":"Product defects","matchedStatuses":[],"flaky":false}],"history":{"statistic":{"failed":5,"broken":0,"skipped":0,"passed":0,"unknown":0,"total":5},"items":[{"uid":"66c056b28207431","reportUrl":"https://KorobovS.github.io/RestAssured/41//#testresult/66c056b28207431","status":"failed","statusDetails":"expected [400] but found [200]","time":{"start":1742226395082,"stop":1742226395302,"duration":220}},{"uid":"3bf11b7bceb62f9d","reportUrl":"https://KorobovS.github.io/RestAssured/39//#testresult/3bf11b7bceb62f9d","status":"failed","statusDetails":"expected [400] but found [200]","time":{"start":1740591201776,"stop":1740591201982,"duration":206}},{"uid":"872d7bb6fb438c98","reportUrl":"https://KorobovS.github.io/RestAssured/38//#testresult/872d7bb6fb438c98","status":"failed","statusDetails":"expected [400] but found [200]","time":{"start":1740583675435,"stop":1740583675665,"duration":230}},{"uid":"a639340f5f0937bb","reportUrl":"https://KorobovS.github.io/RestAssured/37//#testresult/a639340f5f0937bb","status":"failed","statusDetails":"expected [400] but found [200]","time":{"start":1740583523838,"stop":1740583524036,"duration":198}}]},"tags":["Негативный"]},"source":"2560d492a2252a82.json","parameterValues":[]}